# JRE version: OpenJDK Runtime Environment (11.0.10) (build 11.0.10+0-b96-7249189)
# Java VM: OpenJDK 64-Bit Server VM (11.0.10+0-b96-7249189, mixed mode, tiered, compressed oops, g1 gc, windows-amd64)
Heap:
 garbage-first heap   total 721920K, used 227731K [0x0000000080000000, 0x0000000100000000)
  region size 1024K, 8 young (8192K), 8 survivors (8192K)
 Metaspace       used 99656K, capacity 101980K, committed 102528K, reserved 1138688K
  class space    used 12433K, capacity 13268K, committed 13440K, reserved 1048576K
GC Heap History (20 events):
Event: 57.223 GC heap after
{Heap after GC invocations=26 (full 0):
 garbage-first heap   total 260096K, used 139088K [0x0000000080000000, 0x0000000100000000)
  region size 1024K, 4 young (4096K), 4 survivors (4096K)
 Metaspace       used 96919K, capacity 99212K, committed 99840K, reserved 1136640K
  class space    used 12038K, capacity 12855K, committed 13056K, reserved 1048576K
}
Event: 57.376 GC heap before
{Heap before GC invocations=27 (full 0):
 garbage-first heap   total 260096K, used 211792K [0x0000000080000000, 0x0000000100000000)
  region size 1024K, 74 young (75776K), 4 survivors (4096K)
 Metaspace       used 97842K, capacity 100129K, committed 100736K, reserved 1136640K
  class space    used 12156K, capacity 12990K, committed 13184K, reserved 1048576K
}
Event: 57.378 GC heap after
{Heap after GC invocations=28 (full 0):
 garbage-first heap   total 260096K, used 141015K [0x0000000080000000, 0x0000000100000000)
  region size 1024K, 5 young (5120K), 5 survivors (5120K)
 Metaspace       used 97842K, capacity 100129K, committed 100736K, reserved 1136640K
  class space    used 12156K, capacity 12990K, committed 13184K, reserved 1048576K
}
Event: 57.429 GC heap before
{Heap before GC invocations=28 (full 0):
 garbage-first heap   total 260096K, used 177879K [0x0000000080000000, 0x0000000100000000)
  region size 1024K, 42 young (43008K), 5 survivors (5120K)
 Metaspace       used 98303K, capacity 100641K, committed 100992K, reserved 1136640K
  class space    used 12231K, capacity 13054K, committed 13184K, reserved 1048576K
}
Event: 57.432 GC heap after
{Heap after GC invocations=29 (full 0):
 garbage-first heap   total 260096K, used 141995K [0x0000000080000000, 0x0000000100000000)
  region size 1024K, 6 young (6144K), 6 survivors (6144K)
 Metaspace       used 98303K, capacity 100641K, committed 100992K, reserved 1136640K
  class space    used 12231K, capacity 13054K, committed 13184K, reserved 1048576K
}
Event: 57.538 GC heap before
{Heap before GC invocations=29 (full 0):
 garbage-first heap   total 260096K, used 216747K [0x0000000080000000, 0x0000000100000000)
  region size 1024K, 74 young (75776K), 6 survivors (6144K)
 Metaspace       used 99349K, capacity 101662K, committed 102272K, reserved 1138688K
  class space    used 12396K, capacity 13224K, committed 13440K, reserved 1048576K
}
Event: 57.541 GC heap after
{Heap after GC invocations=30 (full 0):
 garbage-first heap   total 260096K, used 144954K [0x0000000080000000, 0x0000000100000000)
  region size 1024K, 7 young (7168K), 7 survivors (7168K)
 Metaspace       used 99349K, capacity 101662K, committed 102272K, reserved 1138688K
  class space    used 12396K, capacity 13224K, committed 13440K, reserved 1048576K
}
Event: 57.592 GC heap before
{Heap before GC invocations=31 (full 0):
 garbage-first heap   total 260096K, used 257594K [0x0000000080000000, 0x0000000100000000)
  region size 1024K, 62 young (63488K), 7 survivors (7168K)
 Metaspace       used 99548K, capacity 101905K, committed 102272K, reserved 1138688K
  class space    used 12425K, capacity 13265K, committed 13440K, reserved 1048576K
}
Event: 57.597 GC heap after
{Heap after GC invocations=32 (full 0):
 garbage-first heap   total 272384K, used 180177K [0x0000000080000000, 0x0000000100000000)
  region size 1024K, 10 young (10240K), 10 survivors (10240K)
 Metaspace       used 99548K, capacity 101905K, committed 102272K, reserved 1138688K
  class space    used 12425K, capacity 13265K, committed 13440K, reserved 1048576K
}
Event: 57.648 GC heap before
{Heap before GC invocations=32 (full 0):
 garbage-first heap   total 272384K, used 232401K [0x0000000080000000, 0x0000000100000000)
  region size 1024K, 61 young (62464K), 10 survivors (10240K)
 Metaspace       used 99651K, capacity 101980K, committed 102528K, reserved 1138688K
  class space    used 12433K, capacity 13268K, committed 13440K, reserved 1048576K
}
Event: 57.653 GC heap after
{Heap after GC invocations=33 (full 0):
 garbage-first heap   total 272384K, used 183578K [0x0000000080000000, 0x0000000100000000)
  region size 1024K, 4 young (4096K), 4 survivors (4096K)
 Metaspace       used 99651K, capacity 101980K, committed 102528K, reserved 1138688K
  class space    used 12433K, capacity 13268K, committed 13440K, reserved 1048576K
}
Event: 57.710 GC heap before
{Heap before GC invocations=33 (full 0):
 garbage-first heap   total 272384K, used 231706K [0x0000000080000000, 0x0000000100000000)
  region size 1024K, 51 young (52224K), 4 survivors (4096K)
 Metaspace       used 99651K, capacity 101980K, committed 102528K, reserved 1138688K
  class space    used 12433K, capacity 13268K, committed 13440K, reserved 1048576K
}
Event: 57.720 GC heap after
{Heap after GC invocations=34 (full 0):
 garbage-first heap   total 343040K, used 189970K [0x0000000080000000, 0x0000000100000000)
  region size 1024K, 7 young (7168K), 7 survivors (7168K)
 Metaspace       used 99651K, capacity 101980K, committed 102528K, reserved 1138688K
  class space    used 12433K, capacity 13268K, committed 13440K, reserved 1048576K
}
Event: 57.832 GC heap before
{Heap before GC invocations=35 (full 0):
 garbage-first heap   total 343040K, used 265746K [0x0000000080000000, 0x0000000100000000)
  region size 1024K, 80 young (81920K), 7 survivors (7168K)
 Metaspace       used 99653K, capacity 101980K, committed 102528K, reserved 1138688K
  class space    used 12433K, capacity 13268K, committed 13440K, reserved 1048576K
}
Event: 57.843 GC heap after
{Heap after GC invocations=36 (full 0):
 garbage-first heap   total 343040K, used 199905K [0x0000000080000000, 0x0000000100000000)
  region size 1024K, 10 young (10240K), 10 survivors (10240K)
 Metaspace       used 99653K, capacity 101980K, committed 102528K, reserved 1138688K
  class space    used 12433K, capacity 13268K, committed 13440K, reserved 1048576K
}
Event: 57.906 GC heap before
{Heap before GC invocations=36 (full 0):
 garbage-first heap   total 343040K, used 271585K [0x0000000080000000, 0x0000000100000000)
  region size 1024K, 80 young (81920K), 10 survivors (10240K)
 Metaspace       used 99653K, capacity 101980K, committed 102528K, reserved 1138688K
  class space    used 12433K, capacity 13268K, committed 13440K, reserved 1048576K
}
Event: 57.923 GC heap after
{Heap after GC invocations=37 (full 0):
 garbage-first heap   total 343040K, used 206985K [0x0000000080000000, 0x0000000100000000)
  region size 1024K, 7 young (7168K), 7 survivors (7168K)
 Metaspace       used 99653K, capacity 101980K, committed 102528K, reserved 1138688K
  class space    used 12433K, capacity 13268K, committed 13440K, reserved 1048576K
}
Event: 58.023 GC heap before
{Heap before GC invocations=37 (full 0):
 garbage-first heap   total 343040K, used 284809K [0x0000000080000000, 0x0000000100000000)
  region size 1024K, 75 young (76800K), 7 survivors (7168K)
 Metaspace       used 99653K, capacity 101980K, committed 102528K, reserved 1138688K
  class space    used 12433K, capacity 13268K, committed 13440K, reserved 1048576K
}
Event: 58.038 GC heap after
{Heap after GC invocations=38 (full 0):
 garbage-first heap   total 343040K, used 218650K [0x0000000080000000, 0x0000000100000000)
  region size 1024K, 7 young (7168K), 7 survivors (7168K)
 Metaspace       used 99653K, capacity 101980K, committed 102528K, reserved 1138688K
  class space    used 12433K, capacity 13268K, committed 13440K, reserved 1048576K
}
Event: 58.120 GC heap before
{Heap before GC invocations=38 (full 0):
 garbage-first heap   total 343040K, used 287258K [0x0000000080000000, 0x0000000100000000)
  region size 1024K, 70 young (71680K), 7 survivors (7168K)
 Metaspace       used 99656K, capacity 101980K, committed 102528K, reserved 1138688K
  class space    used 12433K, capacity 13268K, committed 13440K, reserved 1048576K
}

